<?xml version="1.0" encoding="UTF-8"?>
<!-- Generated by org.testng.reporters.JUnitReportReporter -->
<testsuite hostname="Ravishankar" failures="0" tests="1" name="sample.HMS2Test" time="0.019" errors="0" timestamp="2023-05-30T15:57:42 IST" skipped="0">
  <testcase classname="sample.HMS2Test" name="m2" time="0.019"/>
  <system-out/>
</testsuite> <!-- sample.HMS2Test -->
