<?xml version="1.0" encoding="UTF-8"?>
<!-- Generated by org.testng.reporters.JUnitReportReporter -->
<testsuite hostname="Ravishankar" failures="0" tests="1" name="practice.Module1Test" time="0.011" errors="0" timestamp="2023-05-30T15:55:02 IST" skipped="0">
  <testcase classname="practice.Module1Test" name="m1" time="0.011"/>
  <system-out/>
</testsuite> <!-- practice.Module1Test -->
